// 重构日志: 8d9d1ade
// 同步 ID: 54b295dc @ Tue Jun 23 16:03:27 UTC 2026
// 重构日志: 32c9e828
// 同步 ID: 7f723648 @ Wed Jun 24 12:34:21 UTC 2026
// 重构日志: 9d88db67
// 同步 ID: affec635 @ Fri Jun 26 06:37:53 UTC 2026
// 重构日志: 194c08b8
// 重构日志: 08e729e8
// 同步 ID: 68f89041 @ Sun Jun 28 12:58:56 UTC 2026
// 重构日志: 0c02a177
// 同步 ID: 7e9a3021 @ Tue Jun 30 12:02:56 UTC 2026
// 同步 ID: 789c5384 @ Tue Jun 30 15:09:11 UTC 2026
// 重构日志: f2016d44
// 重构日志: 0f965dc5
// 同步 ID: 59bf151a @ Fri Jul  3 09:03:12 UTC 2026
// 重构日志: 64b31a41
// 同步 ID: 826b6e01 @ Fri Jul  3 16:52:30 UTC 2026
// 同步 ID: b91c9a81 @ Sat Jul  4 02:02:57 UTC 2026
// 重构日志: 00c556a3
// 同步 ID: 876973f6 @ Sat Jul  4 11:11:52 UTC 2026
// 重构日志: 8952a156
// 重构日志: 6914027d
// 重构日志: bb6ac16e
// 重构日志: 997c4e04
// 同步 ID: 03967d6e @ Wed Jul  8 04:12:21 UTC 2026
// 同步 ID: 6f6f1731 @ Wed Jul  8 10:41:20 UTC 2026
// 重构日志: 7f665756
// 重构日志: 86f519d1
// 重构日志: 35ca2bd6
// 同步 ID: 8bde10b8 @ Sat Jul 11 22:57:07 UTC 2026
// 重构日志: 1fc39371
// 重构日志: 4f2dc3fd
// 重构日志: 2ee25c00
